
 Ansys Mechanical Enterprise Academic Student      


 *------------------------------------------------------------------*
 |                                                                  |
 |   W E L C O M E   T O   T H E   A N S Y S (R)  P R O G R A M     |
 |                                                                  |
 *------------------------------------------------------------------*




 ***************************************************************
 *         ANSYS MAPDL 2023 R2          LEGAL NOTICES          *
 ***************************************************************
 *                                                             *
 * Copyright 1971-2023 Ansys, Inc.  All rights reserved.       *
 * Unauthorized use, distribution or duplication is            *
 * prohibited.                                                 *
 *                                                             *
 * Ansys is a registered trademark of Ansys, Inc. or its       *
 * subsidiaries in the United States or other countries.       *
 * See the Ansys, Inc. online documentation or the Ansys, Inc. *
 * documentation CD or online help for the complete Legal      *
 * Notice.                                                     *
 *                                                             *
 ***************************************************************
 *                                                             *
 * THIS ANSYS SOFTWARE PRODUCT AND PROGRAM DOCUMENTATION       *
 * INCLUDE TRADE SECRETS AND CONFIDENTIAL AND PROPRIETARY      *
 * PRODUCTS OF ANSYS, INC., ITS SUBSIDIARIES, OR LICENSORS.    *
 * The software products and documentation are furnished by    *
 * Ansys, Inc. or its subsidiaries under a software license    *
 * agreement that contains provisions concerning               *
 * non-disclosure, copying, length and nature of use,          *
 * compliance with exporting laws, warranties, disclaimers,    *
 * limitations of liability, and remedies, and other           *
 * provisions.  The software products and documentation may be *
 * used, disclosed, transferred, or copied only in accordance  *
 * with the terms and conditions of that software license      *
 * agreement.                                                  *
 *                                                             *
 * Ansys, Inc. is a UL registered                              *
 * ISO 9001:2015 company.                                      *
 *                                                             *
 ***************************************************************
 *                                                             *
 * This product is subject to U.S. laws governing export and   *
 * re-export.                                                  *
 *                                                             *
 * For U.S. Government users, except as specifically granted   *
 * by the Ansys, Inc. software license agreement, the use,     *
 * duplication, or disclosure by the United States Government  *
 * is subject to restrictions stated in the Ansys, Inc.        *
 * software license agreement and FAR 12.212 (for non-DOD      *
 * licenses).                                                  *
 *                                                             *
 ***************************************************************

 2023 R2 
     
 Point Releases and Patches installed:   
     
 Discovery 2023 R2   
 Autodyn 2023 R2 
 SpaceClaim 2023 R2  
 CFX (includes CFD-Post) 2023 R2 
 Chemkin 2023 R2 
 EnSight 2023 R2 
 FENSAP-ICE 2023 R2  
 Fluent (includes CFD-Post) 2023 R2  
 Polyflow (includes CFD-Post) 2023 R2
 Forte (includes EnSight) 2023 R2
 TurboGrid 2023 R2   
 Motion 2023 R2  
 Aqwa 2023 R2
 Speos 2023 R2   
 Mechanical Products 2023 R2 
 Material Calibration App 2023 R2
 ACIS Geometry Interface 2023 R2 
 AutoCAD Geometry Interface 2023 R2  
 Catia, Version 4 Geometry Interface 2023 R2 
 Catia, Version 5 Geometry Interface 2023 R2 
 Catia, Version 6 Geometry Interface 2023 R2 
 Creo Elements/Direct Modeling Geometry Interface 2023 R2
 Creo Parametric Geometry Interface 2023 R2  
 Inventor Geometry Interface 2023 R2 
 JTOpen Geometry Interface 2023 R2   
 NX Geometry Interface 2023 R2   
 Parasolid Geometry Interface  2023 R2   
 Solid Edge Geometry Interface 2023 R2   
 SOLIDWORKS Geometry Interface 2023 R2   
 Academic Student 2023 R2


          *****  MAPDL COMMAND LINE ARGUMENTS  *****
  BATCH MODE REQUESTED (-b)    = NOLIST
  INPUT FILE COPY MODE (-c)    = COPY
  SHARED MEMORY PARALLEL REQUESTED
    SINGLE PROCESS WITH   4 THREADS REQUESTED
    TOTAL OF     4 CORES REQUESTED
  INPUT FILE NAME              = E:\GitHub_repos\FEA_projects\HW4\_ProjectScratch\Scr14F5\dummy.dat
  OUTPUT FILE NAME             = E:\GitHub_repos\FEA_projects\HW4\_ProjectScratch\Scr14F5\solve.out
  START-UP FILE MODE           = NOREAD
  STOP FILE MODE               = NOREAD

 RELEASE= 2023 R2              BUILD= 23.2      UP20230531   VERSION=WINDOWS x64 
 CURRENT JOBNAME=file  22:57:33  FEB 28, 2024 CP=      0.047


 PARAMETER _DS_PROGRESS =     999.0000000    

 /INPUT FILE= ds.dat  LINE=       0



 DO NOT WRITE ELEMENT RESULTS INTO DATABASE

 *GET  _WALLSTRT  FROM  ACTI  ITEM=TIME WALL  VALUE=  22.9594444    

 TITLE= 
 HW4-A--Static Structural (B5)                                                 

  ACT Extensions:
      LSDYNA, 2023.2
      5f463412-bd3e-484b-87e7-cbc0a665e474, wbex
 /COM,     ANSYSMotion, 2023.2
      20180725-3f81-49eb-9f31-41364844c769, wbex
  

 SET PARAMETER DIMENSIONS ON  _WB_PROJECTSCRATCH_DIR
  TYPE=STRI  DIMENSIONS=      248        1        1

 PARAMETER _WB_PROJECTSCRATCH_DIR(1) = E:\GitHub_repos\FEA_projects\HW4\_ProjectScratch\Scr14F5\

 SET PARAMETER DIMENSIONS ON  _WB_SOLVERFILES_DIR
  TYPE=STRI  DIMENSIONS=      248        1        1

 PARAMETER _WB_SOLVERFILES_DIR(1) = E:\GitHub_repos\FEA_projects\HW4\HW4-A_files\dp0\SYS-1\MECH\

 SET PARAMETER DIMENSIONS ON  _WB_USERFILES_DIR
  TYPE=STRI  DIMENSIONS=      248        1        1

 PARAMETER _WB_USERFILES_DIR(1) = E:\GitHub_repos\FEA_projects\HW4\HW4-A_files\user_files\
 --- Data in consistent MKS units. See Solving Units in the help system for more

 MKS UNITS SPECIFIED FOR INTERNAL    
  LENGTH        (l)  = METER (M)
  MASS          (M)  = KILOGRAM (KG)
  TIME          (t)  = SECOND (SEC)
  TEMPERATURE   (T)  = CELSIUS (C)
  TOFFSET            = 273.0
  CHARGE        (Q)  = COULOMB
  FORCE         (f)  = NEWTON (N) (KG-M/SEC2)
  HEAT               = JOULE (N-M)

  PRESSURE           = PASCAL (NEWTON/M**2)
  ENERGY        (W)  = JOULE (N-M)
  POWER         (P)  = WATT (N-M/SEC)
  CURRENT       (i)  = AMPERE (COULOMBS/SEC)
  CAPACITANCE   (C)  = FARAD
  INDUCTANCE    (L)  = HENRY
  MAGNETIC FLUX      = WEBER
  RESISTANCE    (R)  = OHM
  ELECTRIC POTENTIAL = VOLT

 INPUT  UNITS ARE ALSO SET TO MKS 

 *** MAPDL - ENGINEERING ANALYSIS SYSTEM  RELEASE 2023 R2          23.2     ***
 Ansys Mechanical Enterprise Academic Student      
 01055371  VERSION=WINDOWS x64   22:57:34  FEB 28, 2024 CP=      0.078

 HW4-A--Static Structural (B5)                                                 



          ***** MAPDL ANALYSIS DEFINITION (PREP7) *****
 *********** Nodes for the whole assembly ***********
 *********** Elements for Body 1 "HANDLE\Solid1" ***********
 *********** Elements for Body 2 "SYS-1\Solid" ***********
 *********** Send User Defined Coordinate System(s) ***********
 *********** Set Reference Temperature ***********
 *********** Send Materials ***********
 *********** Create Contact "Contact Region" ***********
             Real Constant Set For Above Contact Is 4 & 3
 *********** Fixed Supports ***********
 *********** Define Force Using Surface Effect Elements ***********


 ***** ROUTINE COMPLETED *****  CP =         0.891


 --- Number of total nodes = 113837
 --- Number of contact elements = 354
 --- Number of spring elements = 0
 --- Number of bearing elements = 0
 --- Number of solid elements = 64934
 --- Number of condensed parts = 0
 --- Number of total elements = 65288

 *GET  _WALLBSOL  FROM  ACTI  ITEM=TIME WALL  VALUE=  22.9594444    
 ****************************************************************************
 *************************    SOLUTION       ********************************
 ****************************************************************************

 *****  MAPDL SOLUTION ROUTINE  *****


 PERFORM A STATIC ANALYSIS
  THIS WILL BE A NEW ANALYSIS

 PARAMETER _THICKRATIO =     1.000000000    

 USE PRECONDITIONED CONJUGATE GRADIENT SOLVER
  CONVERGENCE TOLERANCE = 1.00000E-08
  MAXIMUM ITERATION     = NumNode*DofPerNode*  1.0000    

 CONTACT INFORMATION PRINTOUT LEVEL       1

 NLDIAG: Nonlinear diagnostics CONT option is set to ON. 
         Writing frequency : each ITERATION.

 DO NOT SAVE ANY RESTART FILES AT ALL
 ****************************************************
 ******************* SOLVE FOR LS 1 OF 1 ****************

 SELECT       FOR ITEM=TYPE COMPONENT=    
  IN RANGE         5 TO          5 STEP          1

        168  ELEMENTS (OF      65288  DEFINED) SELECTED BY  ESEL  COMMAND.

 SELECT      ALL NODES HAVING ANY ELEMENT IN ELEMENT SET.

        368 NODES (OF     113837  DEFINED) SELECTED FROM
      168 SELECTED ELEMENTS BY NSLE COMMAND.

 SPECIFIED SURFACE LOAD PRES FOR ALL SELECTED ELEMENTS  LKEY =  1   KVAL = 1
     VALUES =    0.72363E+07    0.72363E+07    0.72363E+07    0.72363E+07

 SPECIFIED SURFACE LOAD PRES FOR ALL SELECTED ELEMENTS  LKEY =  2   KVAL = 1
     VALUES =     0.0000         0.0000         0.0000         0.0000    

 SPECIFIED SURFACE LOAD PRES FOR ALL SELECTED ELEMENTS  LKEY =  3   KVAL = 1
     VALUES =     0.0000         0.0000         0.0000         0.0000    

 ALL SELECT   FOR ITEM=NODE COMPONENT=    
  IN RANGE         1 TO     113837 STEP          1

     113837  NODES (OF     113837  DEFINED) SELECTED BY NSEL  COMMAND.

 ALL SELECT   FOR ITEM=ELEM COMPONENT=    
  IN RANGE         1 TO      90850 STEP          1

      65288  ELEMENTS (OF      65288  DEFINED) SELECTED BY  ESEL  COMMAND.

 PRINTOUT RESUMED BY /GOP

 USE AUTOMATIC TIME STEPPING THIS LOAD STEP

 USE       1 SUBSTEPS INITIALLY THIS LOAD STEP FOR ALL  DEGREES OF FREEDOM
 FOR AUTOMATIC TIME STEPPING:
   USE     10 SUBSTEPS AS A MAXIMUM
   USE      1 SUBSTEPS AS A MINIMUM

 TIME=  5.0000    

 ERASE THE CURRENT DATABASE OUTPUT CONTROL TABLE.


 WRITE ALL  ITEMS TO THE DATABASE WITH A FREQUENCY OF NONE
   FOR ALL APPLICABLE ENTITIES

 WRITE NSOL ITEMS TO THE DATABASE WITH A FREQUENCY OF ALL 
   FOR ALL APPLICABLE ENTITIES

 WRITE RSOL ITEMS TO THE DATABASE WITH A FREQUENCY OF ALL 
   FOR ALL APPLICABLE ENTITIES

 WRITE EANG ITEMS TO THE DATABASE WITH A FREQUENCY OF ALL 
   FOR ALL APPLICABLE ENTITIES

 WRITE ETMP ITEMS TO THE DATABASE WITH A FREQUENCY OF ALL 
   FOR ALL APPLICABLE ENTITIES

 WRITE VENG ITEMS TO THE DATABASE WITH A FREQUENCY OF ALL 
   FOR ALL APPLICABLE ENTITIES

 WRITE STRS ITEMS TO THE DATABASE WITH A FREQUENCY OF ALL 
   FOR ALL APPLICABLE ENTITIES

 WRITE EPEL ITEMS TO THE DATABASE WITH A FREQUENCY OF ALL 
   FOR ALL APPLICABLE ENTITIES

 WRITE EPPL ITEMS TO THE DATABASE WITH A FREQUENCY OF ALL 
   FOR ALL APPLICABLE ENTITIES

 WRITE CONT ITEMS TO THE DATABASE WITH A FREQUENCY OF ALL 
   FOR ALL APPLICABLE ENTITIES

 *GET  ANSINTER_  FROM  ACTI  ITEM=INT        VALUE=  0.00000000    

 *IF  ANSINTER_                         ( =   0.00000     )  NE  
      0                                 ( =   0.00000     )  THEN    

 *ENDIF

 *****  MAPDL SOLVE    COMMAND  *****

 *** WARNING ***                         CP =       1.141   TIME= 22:57:34
 Element shape checking is currently inactive.  Issue SHPP,ON or         
 SHPP,WARN to reactivate, if desired.                                    

 *** NOTE ***                            CP =       1.516   TIME= 22:57:34
 The model data was checked and warning messages were found.             
  Please review output or errors file (                                  
 E:\GitHub_repos\FEA_projects\HW4\_ProjectScratch\Scr14F5\file.err )     
 for these warning messages.                                             

 *** SELECTION OF ELEMENT TECHNOLOGIES FOR APPLICABLE ELEMENTS ***
      --- GIVE SUGGESTIONS AND RESET THE KEY OPTIONS ---

 ELEMENT TYPE         1 IS SOLID187. IT IS NOT ASSOCIATED WITH FULLY INCOMPRESSIBLE
 HYPERELASTIC MATERIALS. NO SUGGESTION IS AVAILABLE AND NO RESETTING IS NEEDED.

 ELEMENT TYPE         2 IS SOLID186. KEYOPT(2)=0 IS SUGGESTED AND HAS BEEN RESET.
  KEYOPT(1-12)=    0    0    0    0    0    0    0    0    0    0    0    0



 *** MAPDL - ENGINEERING ANALYSIS SYSTEM  RELEASE 2023 R2          23.2     ***
 Ansys Mechanical Enterprise Academic Student      
 01055371  VERSION=WINDOWS x64   22:57:34  FEB 28, 2024 CP=      1.516

 HW4-A--Static Structural (B5)                                                 



                       S O L U T I O N   O P T I O N S

   PROBLEM DIMENSIONALITY. . . . . . . . . . . . .3-D                  
   DEGREES OF FREEDOM. . . . . . UX   UY   UZ  
   ANALYSIS TYPE . . . . . . . . . . . . . . . . .STATIC (STEADY-STATE)
   OFFSET TEMPERATURE FROM ABSOLUTE ZERO . . . . .  273.15    
   EQUATION SOLVER OPTION. . . . . . . . . . . . .PCG                
      TOLERANCE. . . . . . . . . . . . . . . . . . 1.00000E-08
   GLOBALLY ASSEMBLED MATRIX . . . . . . . . . . .SYMMETRIC  

 *** WARNING ***                         CP =       1.641   TIME= 22:57:34
 Material number 5 (used by element 90683) should normally have at least 
 one MP or one TB type command associated with it.  Output of energy by  
 material may not be available.                                          

 *** NOTE ***                            CP =       1.641   TIME= 22:57:34
 The step data was checked and warning messages were found.              
  Please review output or errors file (                                  
 E:\GitHub_repos\FEA_projects\HW4\_ProjectScratch\Scr14F5\file.err )     
 for these warning messages.                                             

 *** NOTE ***                            CP =       1.641   TIME= 22:57:34
 The conditions for direct assembly have been met.  No .emat or .erot    
 files will be produced.                                                 

                      L O A D   S T E P   O P T I O N S

   LOAD STEP NUMBER. . . . . . . . . . . . . . . .     1
   TIME AT END OF THE LOAD STEP. . . . . . . . . .  5.0000    
   AUTOMATIC TIME STEPPING . . . . . . . . . . . .    ON
      INITIAL NUMBER OF SUBSTEPS . . . . . . . . .     1
      MAXIMUM NUMBER OF SUBSTEPS . . . . . . . . .    10
      MINIMUM NUMBER OF SUBSTEPS . . . . . . . . .     1
   STEP CHANGE BOUNDARY CONDITIONS . . . . . . . .    NO
   PRINT OUTPUT CONTROLS . . . . . . . . . . . . .NO PRINTOUT
   DATABASE OUTPUT CONTROLS
      ITEM     FREQUENCY   COMPONENT
       ALL       NONE               
      NSOL        ALL               
      RSOL        ALL               
      EANG        ALL               
      ETMP        ALL               
      VENG        ALL               
      STRS        ALL               
      EPEL        ALL               
      EPPL        ALL               
      CONT        ALL               


 SOLUTION MONITORING INFO IS WRITTEN TO FILE= file.mntr                                                                                                                                                                                                                                                           

 *** NOTE ***                            CP =       2.828   TIME= 22:57:34
 Symmetric Deformable- deformable contact pair identified by real        
 constant set 3 and contact element type 3 has been set up.  The         
 companion pair has real constant set ID 4.  Both pairs should have the  
 same behavior.                                                          
 MAPDL will deactivate the current pair and keep its companion pair,     
 resulting in asymmetric contact.                                        
 Linear contact is defined
 Contact algorithm: Augmented Lagrange method
 Contact detection at: Gauss integration point
 Contact stiffness factor FKN                  10.000    
 The resulting initial contact stiffness      0.87335E+16
 Default penetration tolerance factor FTOLN   0.10000    
 The resulting penetration tolerance          0.45801E-03
 Default opening contact stiffness OPSF will be used.
 Default tangent stiffness factor FKT          1.0000    
 Use constant contact stiffness
 Default Max. friction stress TAUMAX          0.10000E+21
 Average contact surface length               0.86624E-02
 Average contact pair depth                   0.45801E-02
 Average target surface length                0.46398E-02
 Default pinball region factor PINB           0.25000    
 *WARNING*: The default pinball radius may be too small to capture       
 contacting zone under small sliding assumption.  Redefine the pinball   
 radius if necessary.                                                    
 The resulting pinball region                 0.11450E-02
 Initial penetration/gap is excluded.
 Bonded contact (always) is defined.

 *** NOTE ***                            CP =       2.828   TIME= 22:57:34
 Max.  Initial penetration 1.12800304E-03 was detected between contact   
 element 90554 and target element 90673.                                 
 You may move entire target surface by : x= 6.632540715E-19, y=          
 -1.12800304E-03, z= -1.91495248E-18,to reduce initial penetration.      
 *WARNING*: The geometric gap/penetration may be too large.  Increase    
 pinball radius if it is a true geometric gap/penetration.  Decrease     
 pinball if it is a false one.                                           
 ****************************************
  

 *** NOTE ***                            CP =       2.828   TIME= 22:57:34
 Symmetric Deformable- deformable contact pair identified by real        
 constant set 4 and contact element type 3 has been set up.  The         
 companion pair has real constant set ID 3.  Both pairs should have the  
 same behavior.                                                          
 MAPDL will keep the current pair and deactivate its companion pair,     
 resulting in asymmetric contact.                                        
 Linear contact is defined
 Contact algorithm: Augmented Lagrange method
 Contact detection at: Gauss integration point
 Contact stiffness factor FKN                  10.000    
 The resulting initial contact stiffness      0.87335E+16
 Default penetration tolerance factor FTOLN   0.10000    
 The resulting penetration tolerance          0.42872E-03
 Default opening contact stiffness OPSF will be used.
 Default tangent stiffness factor FKT          1.0000    
 Use constant contact stiffness
 Default Max. friction stress TAUMAX          0.10000E+21
 Average contact surface length               0.46568E-02
 Average contact pair depth                   0.42872E-02
 Average target surface length                0.85274E-02
 Default pinball region factor PINB           0.25000    
 *WARNING*: The default pinball radius may be too small to capture       
 contacting zone under small sliding assumption.  Redefine the pinball   
 radius if necessary.                                                    
 The resulting pinball region                 0.10718E-02
 Initial penetration/gap is excluded.
 Bonded contact (always) is defined.

 *** NOTE ***                            CP =       2.828   TIME= 22:57:34
 Max.  Initial penetration 1.007203422E-03 was detected between contact  
 element 90634 and target element 90539.                                 
 You may move entire target surface by : x= -3.543687134E-05, y=         
 1.006579834E-03, z= 0,to reduce initial penetration.                    
 *WARNING*: The geometric gap/penetration may be too large.  Increase    
 pinball radius if it is a true geometric gap/penetration.  Decrease     
 pinball if it is a false one.                                           
 ****************************************
  
  
  


 *** NOTE ***                            CP =       2.953   TIME= 22:57:34
 The PCG solver has automatically set the level of difficulty for this   
 model to 1.                                                             
 *WARNING*: The geometrical penetration for certain contact pairs (e.g.  
 ID 4) may be too large.  Increase pinball if it is a true geometrical   
 penetration.  Decrease pinball if it is a false one.                    
  
 *************************************************
  SUMMARY FOR CONTACT PAIR IDENTIFIED BY REAL CONSTANT SET           3

 *** NOTE ***                            CP =       6.328   TIME= 22:57:35
 Contact pair is inactive.                                               
  
 *************************************************
  SUMMARY FOR CONTACT PAIR IDENTIFIED BY REAL CONSTANT SET           4
 Max.  Penetration of -4.882681152E-19 has been detected between contact 
 element 90608 and target element 90547.                                 
  
 Max.  Geometrical penetration of -1.007203422E-03 has been detected     
 between contact element 90634 and target element 90539.                 
 *WARNING*: The geometrical penetration may be too large.  Increase      
 pinball if it is a true geometrical penetration.  Decrease pinball if   
 it is a false one.                                                      
 For total 40 contact elements, there are 35 elements are in contact.    
 There are 35 elements are in sticking.                                  
 Contacting area 6.996175754E-04.                                        
 Max.  Pinball distance 1.07181027E-03.                                  
 One of the contact searching regions contains at least 13 target        
 elements.                                                               
 Max.  Pressure/force 3.612222851E-02.                                   
 Max.  Normal stiffness 8.733473759E+15.                                 
 Min.  Normal stiffness 8.733473759E+15.                                 
 Max.  Tangential stiffness 6.030299596E+15.                             
 Min.  Tangential stiffness 6.030299596E+15.                             
 *************************************************


                         ***********  PRECISE MASS SUMMARY  ***********

   TOTAL RIGID BODY MASS MATRIX ABOUT ORIGIN
               Translational mass               |   Coupled translational/rotational mass
         3.1171        0.0000        0.0000     |     0.0000      -0.36259E-01  -0.10629    
         0.0000        3.1171        0.0000     |    0.36259E-01    0.0000      -0.70533E-01
         0.0000        0.0000        3.1171     |    0.10629       0.70533E-01    0.0000    
     ------------------------------------------ | ------------------------------------------
                                                |         Rotational mass (inertia)
                                                |    0.80292E-02   0.69313E-02  -0.82033E-03
                                                |    0.69313E-02   0.22586E-01   0.12363E-02
                                                |   -0.82033E-03   0.12363E-02   0.27682E-01

   TOTAL MASS =  3.1171    
     The mass principal axes coincide with the global Cartesian axes

   CENTER OF MASS (X,Y,Z)=  -0.22628E-01   0.34100E-01  -0.11632E-01

   TOTAL INERTIA ABOUT CENTER OF MASS
        0.39829E-02   0.45261E-02   0.13629E-06
        0.45261E-02   0.20569E-01  -0.13868E-06
        0.13629E-06  -0.13868E-06   0.22461E-01

   PRINCIPAL INERTIAS =   0.28282E-02   0.21723E-01   0.22461E-01
   ORIENTATION VECTORS OF THE INERTIA PRINCIPAL AXES IN GLOBAL CARTESIAN
     ( 0.969,-0.247,-0.000) ( 0.247, 0.969, 0.000) (-0.000,-0.000, 1.000) 


  *** MASS SUMMARY BY ELEMENT TYPE ***

  TYPE      MASS
     1   2.97656    
     2  0.140532    

 Range of element maximum matrix coefficients in global coordinates
 Maximum = 8.494583798E+10 at element 90619.                             
 Minimum = 34790504.9 at element 6673.                                   

   *** ELEMENT MATRIX FORMULATION TIMES
     TYPE    NUMBER   ENAME      TOTAL CP  AVE CP

        1     64749  SOLID187     11.109   0.000172
        2       185  SOLID186      0.500   0.002703
        3        93  CONTA174      0.000   0.000000
        4        93  TARGE170      0.000   0.000000
        5       168  SURF154       0.000   0.000000
 Time at end of element matrix formulation CP = 6.328125.                
 Iteration=    10 Ratio=  0.174492     Limit=  1.000000E-08 Wall=     0.1
 Iteration=   150 Ratio=  9.804909E-04 Limit=  1.000000E-08 Wall=     1.7
 Iteration=   400 Ratio=  2.432961E-06 Limit=  1.000000E-08 Wall=     4.5

 PRECONDITIONED SOLVER CP TIME      =    26.719
 PRECONDITIONED SOLVER ELAPSED TIME =     6.823

   *** ELEMENT RESULT CALCULATION TIMES
     TYPE    NUMBER   ENAME      TOTAL CP  AVE CP

        1     64749  SOLID187      8.438   0.000130
        2       185  SOLID186      0.000   0.000000
        3        93  CONTA174      0.000   0.000000
        5       168  SURF154       0.000   0.000000

   *** NODAL LOAD CALCULATION TIMES
     TYPE    NUMBER   ENAME      TOTAL CP  AVE CP

        1     64749  SOLID187      2.219   0.000034
        2       185  SOLID186      0.000   0.000000
        3        93  CONTA174      0.000   0.000000
        5       168  SURF154       0.000   0.000000
 *** LOAD STEP     1   SUBSTEP     1  COMPLETED.    CUM ITER =      1
 *** TIME =   5.00000         TIME INC =   5.00000      NEW TRIANG MATRIX


 *** MAPDL BINARY FILE STATISTICS
  BUFFER SIZE USED= 16384
       18.938 MB WRITTEN ON ELEMENT SAVED DATA FILE: file.esav
       41.625 MB WRITTEN ON RESULTS FILE: file.rst
 *************** Write FE CONNECTORS *********

 WRITE OUT CONSTRAINT EQUATIONS TO FILE= file.ce                                                                                                                                                                                                                                                             
 ****************************************************
 *************** FINISHED SOLVE FOR LS 1 *************

 *GET  _WALLASOL  FROM  ACTI  ITEM=TIME WALL  VALUE=  22.9619444    

 PRINTOUT RESUMED BY /GOP

 *GET  _PCGITER  FROM  ACTI  ITEM=SOLU CGIT  VALUE=  561.000000    

 FINISH SOLUTION PROCESSING


 ***** ROUTINE COMPLETED *****  CP =        37.453



 *** MAPDL - ENGINEERING ANALYSIS SYSTEM  RELEASE 2023 R2          23.2     ***
 Ansys Mechanical Enterprise Academic Student      
 01055371  VERSION=WINDOWS x64   22:57:43  FEB 28, 2024 CP=     37.469

 HW4-A--Static Structural (B5)                                                 



          ***** MAPDL RESULTS INTERPRETATION (POST1) *****

 *** NOTE ***                            CP =      37.469   TIME= 22:57:43
 Reading results into the database (SET command) will update the current 
 displacement and force boundary conditions in the database with the     
 values from the results file for that load set.  Note that any          
 subsequent solutions will use these values unless action is taken to    
 either SAVE the current values or not overwrite them (/EXIT,NOSAVE).    

 Set Encoding of XML File to:ISO-8859-1

 Set Output of XML File to:
     PARM,     ,     ,     ,     ,     ,     ,     ,     ,     ,     ,     ,
         ,     ,     ,     ,     ,     ,     ,

 DATABASE WRITTEN ON FILE  parm.xml                                                                                                                                                                                                                                                            

 EXIT THE MAPDL POST1 DATABASE PROCESSOR


 ***** ROUTINE COMPLETED *****  CP =        37.469



 PRINTOUT RESUMED BY /GOP

 *GET  _WALLDONE  FROM  ACTI  ITEM=TIME WALL  VALUE=  22.9619444    

 PARAMETER _PREPTIME =     0.000000000    

 PARAMETER _SOLVTIME =     9.000000000    

 PARAMETER _POSTTIME =     0.000000000    

 PARAMETER _TOTALTIM =     9.000000000    

 *GET  _DLBRATIO  FROM  ACTI  ITEM=SOLU DLBR  VALUE=  0.00000000    

 *GET  _COMBTIME  FROM  ACTI  ITEM=SOLU COMB  VALUE=  0.00000000    

 *GET  _SSMODE   FROM  ACTI  ITEM=SOLU SSMM  VALUE=  0.00000000    

 *GET  _NDOFS    FROM  ACTI  ITEM=SOLU NDOF  VALUE=  335955.000    
 --- Total number of nodes = 113837
 --- Total number of elements = 65288
 --- Element load balance ratio = 0
 --- Time to combine distributed files = 0
 --- Sparse memory mode = 0
 --- Number of DOF = 335955

 EXIT MAPDL WITHOUT SAVING DATABASE


 NUMBER OF WARNING MESSAGES ENCOUNTERED=          2
 NUMBER OF ERROR   MESSAGES ENCOUNTERED=          0

+--------------------- M A P D L   S T A T I S T I C S ------------------------+

Release: 2023 R2            Build: 23.2       Update: UP20230531   Platform: WINDOWS x64 
Date Run: 02/28/2024   Time: 22:57     Process ID: 33556
Operating System: Windows 10  (Build: 19045)

Processor Model: AMD Ryzen 5 5600X 6-Core Processor

Compiler: Intel(R) Fortran Compiler Version 19.0.5  (Build: 20190815)
          Intel(R) C/C++ Compiler Version 19.0.5  (Build: 20190815)
          Intel(R) Math Kernel Library Version 2020.0.0 Product Build 20191125
          BLAS Library supplied by AMD BLIS

Number of machines requested            :    1
Total number of cores available         :   12
Number of physical cores available      :    6
Number of processes requested           :    1
Number of threads per process requested :    4
Total number of cores requested         :    4 (Shared Memory Parallel)                    

GPU Acceleration: Not Requested

Job Name: file
Input File: dummy.dat
Working Directory: E:\GitHub_repos\FEA_projects\HW4\_ProjectScratch\Scr14F5

Total CPU time for main thread                    :       10.0 seconds
Total CPU time summed for all threads             :       37.7 seconds

Elapsed time spent obtaining a license            :        0.4 seconds
Elapsed time spent pre-processing model (/PREP7)  :        0.3 seconds
Elapsed time spent solution - preprocessing       :        0.5 seconds
Elapsed time spent computing solution             :        8.8 seconds
Elapsed time spent solution - postprocessing      :        0.0 seconds
Elapsed time spent post-processing model (/POST1) :        0.0 seconds
 
Equation solver used                              :            PCG (symmetric)
Equation solver computational rate                :        7.4 Gflops

Sum of disk space used on all processes            :       71.7 MB

Sum of memory used on all processes               :      529.0 MB
Sum of memory allocated on all processes          :     2112.0 MB
Physical memory available                         :         32 GB
Total amount of I/O written to disk               :        0.1 GB
Total amount of I/O read from disk                :        0.1 GB

+------------------ E N D   M A P D L   S T A T I S T I C S -------------------+


 *-----------------------------------------------------------------------------*
 |                                                                             |
 |                               RUN COMPLETED                                 |
 |                                                                             |
 |-----------------------------------------------------------------------------|
 |                                                                             |
 |  Ansys MAPDL 2023 R2         Build 23.2         UP20230531    WINDOWS x64   |
 |                                                                             |
 |-----------------------------------------------------------------------------|
 |                                                                             |
 |  Database Requested(-db)  1024 MB     Scratch Memory Requested      1024 MB |
 |  Maximum Database Used      84 MB     Maximum Scratch Memory Used    445 MB |
 |                                                                             |
 |-----------------------------------------------------------------------------|
 |                                                                             |
 |        CP Time      (sec) =         37.719       Time  =  22:57:43          |
 |        Elapsed Time (sec) =         11.000       Date  =  02/28/2024        |
 |                                                                             |
 *-----------------------------------------------------------------------------*
