/COM,ANSYS RELEASE 2023 R2           BUILD 23.2      UP20230531       22:01:21

 *** WARNING ***                         CP =       0.312   TIME= 22:01:22
 Element shape checking is currently inactive.  Issue SHPP,ON or         
 SHPP,WARN to reactivate, if desired.                                    

 *** WARNING ***                         CP =       0.375   TIME= 22:01:22
 Material number 2 (used by element 11874) should normally have at least 
 one MP or one TB type command associated with it.  Output of energy by  
 material may not be available.                                          

 *** WARNING ***                         CP =       6.781   TIME= 22:01:23
 Material number 2 (used by element 11874) should normally have at least 
 one MP or one TB type command associated with it.  Output of energy by  
 material may not be available.                                          

 *** WARNING ***                         CP =       8.453   TIME= 22:01:24
 Material number 2 (used by element 11874) should normally have at least 
 one MP or one TB type command associated with it.  Output of energy by  
 material may not be available.                                          

 *** WARNING ***                         CP =      10.062   TIME= 22:01:24
 Material number 2 (used by element 11874) should normally have at least 
 one MP or one TB type command associated with it.  Output of energy by  
 material may not be available.                                          

 *** WARNING ***                         CP =      11.875   TIME= 22:01:25
 Material number 2 (used by element 11874) should normally have at least 
 one MP or one TB type command associated with it.  Output of energy by  
 material may not be available.                                          
