
 Ansys Mechanical Enterprise Academic Research     


 *------------------------------------------------------------------*
 |                                                                  |
 |   W E L C O M E   T O   T H E   A N S Y S (R)  P R O G R A M     |
 |                                                                  |
 *------------------------------------------------------------------*




 ***************************************************************
 *         ANSYS MAPDL 2023 R2          LEGAL NOTICES          *
 ***************************************************************
 *                                                             *
 * Copyright 1971-2023 Ansys, Inc.  All rights reserved.       *
 * Unauthorized use, distribution or duplication is            *
 * prohibited.                                                 *
 *                                                             *
 * Ansys is a registered trademark of Ansys, Inc. or its       *
 * subsidiaries in the United States or other countries.       *
 * See the Ansys, Inc. online documentation or the Ansys, Inc. *
 * documentation CD or online help for the complete Legal      *
 * Notice.                                                     *
 *                                                             *
 ***************************************************************
 *                                                             *
 * THIS ANSYS SOFTWARE PRODUCT AND PROGRAM DOCUMENTATION       *
 * INCLUDE TRADE SECRETS AND CONFIDENTIAL AND PROPRIETARY      *
 * PRODUCTS OF ANSYS, INC., ITS SUBSIDIARIES, OR LICENSORS.    *
 * The software products and documentation are furnished by    *
 * Ansys, Inc. or its subsidiaries under a software license    *
 * agreement that contains provisions concerning               *
 * non-disclosure, copying, length and nature of use,          *
 * compliance with exporting laws, warranties, disclaimers,    *
 * limitations of liability, and remedies, and other           *
 * provisions.  The software products and documentation may be *
 * used, disclosed, transferred, or copied only in accordance  *
 * with the terms and conditions of that software license      *
 * agreement.                                                  *
 *                                                             *
 * Ansys, Inc. is a UL registered                              *
 * ISO 9001:2015 company.                                      *
 *                                                             *
 ***************************************************************
 *                                                             *
 * This product is subject to U.S. laws governing export and   *
 * re-export.                                                  *
 *                                                             *
 * For U.S. Government users, except as specifically granted   *
 * by the Ansys, Inc. software license agreement, the use,     *
 * duplication, or disclosure by the United States Government  *
 * is subject to restrictions stated in the Ansys, Inc.        *
 * software license agreement and FAR 12.212 (for non-DOD      *
 * licenses).                                                  *
 *                                                             *
 ***************************************************************

 2023 R2 
     
 Point Releases and Patches installed:   
     
 ANSYS, Inc. License Manager 2023 R2 
 Discovery 2023 R2   
 SpaceClaim 2023 R2  
 Ansys Sherlock 2023 R2  
 Autodyn 2023 R2 
 LS-DYNA 2023 R2 
 CFD-Post only 2023 R2   
 CFX (includes CFD-Post) 2023 R2 
 Chemkin 2023 R2 
 EnSight 2023 R2 
 FENSAP-ICE 2023 R2  
 Fluent (includes CFD-Post) 2023 R2  
 Polyflow (includes CFD-Post) 2023 R2
 Forte (includes EnSight) 2023 R2
 TurboGrid 2023 R2   
 ICEM CFD 2023 R2
 Motion 2023 R2  
 Aqwa 2023 R2
 Speos 2023 R2   
 Speos HPC 2023 R2   
 Speos for Creo Parametric 2023 R2   
 optiSLang 2023 R2   
 Additive 2023 R2
 Customization Files for User Programmable Features 2023 R2  
 Mechanical Products 2023 R2 
 Material Calibration App 2023 R2
 Icepak (includes CFD-Post) 2023 R2  
 Remote Solve Manager Standalone Services 2023 R2
 Ansys Sound - SAS 2023 R2   
 Viewer 2023 R2  
 ACIS Geometry Interface 2023 R2 
 AutoCAD Geometry Interface 2023 R2  
 Catia, Version 4 Geometry Interface 2023 R2 
 Catia, Version 5 Geometry Interface 2023 R2 
 Catia, Version 6 Geometry Interface 2023 R2 
 Creo Elements/Direct Modeling Geometry Interface 2023 R2
 Creo Parametric Geometry Interface 2023 R2  
 Inventor Geometry Interface 2023 R2 
 JTOpen Geometry Interface 2023 R2   
 NX Geometry Interface 2023 R2   
 Parasolid Geometry Interface  2023 R2   
 Solid Edge Geometry Interface 2023 R2   
 SOLIDWORKS Geometry Interface 2023 R2   


          *****  MAPDL COMMAND LINE ARGUMENTS  *****
  BATCH MODE REQUESTED (-b)    = NOLIST
  INPUT FILE COPY MODE (-c)    = COPY
  DISTRIBUTED MEMORY PARALLEL REQUESTED
       4 PARALLEL PROCESSES REQUESTED WITH SINGLE THREAD PER PROCESS
    TOTAL OF     4 CORES REQUESTED
  INPUT FILE NAME              = \\andrew.ad.cmu.edu\users\users24\lleng\Desktop\HW1\_ProjectScratch\Scr2336\dummy.dat
  OUTPUT FILE NAME             = \\andrew.ad.cmu.edu\users\users24\lleng\Desktop\HW1\_ProjectScratch\Scr2336\solve.out
  START-UP FILE MODE           = NOREAD
  STOP FILE MODE               = NOREAD

 RELEASE= 2023 R2              BUILD= 23.2      UP20230531   VERSION=WINDOWS x64 
 CURRENT JOBNAME=file0  17:18:13  FEB 07, 2024 CP=      0.047


 PARAMETER _DS_PROGRESS =     999.0000000    

 /INPUT FILE= ds.dat  LINE=       0



 *** NOTE ***                            CP =       0.094   TIME= 17:18:13
 The /CONFIG,NOELDB command is not valid in a distributed memory         
 parallel solution.  Command is ignored.                                 

 *GET  _WALLSTRT  FROM  ACTI  ITEM=TIME WALL  VALUE=  17.3036111    

 TITLE= 
 222--Steady-State Thermal (A5)                                                

  ACT Extensions:
      LSDYNA, 2023.2
      5f463412-bd3e-484b-87e7-cbc0a665e474, wbex
 /COM,     ANSYSMotion, 2023.2
      20180725-3f81-49eb-9f31-41364844c769, wbex
  

 SET PARAMETER DIMENSIONS ON  _WB_PROJECTSCRATCH_DIR
  TYPE=STRI  DIMENSIONS=      248        1        1

 PARAMETER _WB_PROJECTSCRATCH_DIR(1) = \\andrew.ad.cmu.edu\users\users24\lleng\Desktop\HW1\_ProjectScratch\Scr2336\

 SET PARAMETER DIMENSIONS ON  _WB_SOLVERFILES_DIR
  TYPE=STRI  DIMENSIONS=      248        1        1

 PARAMETER _WB_SOLVERFILES_DIR(1) = \\andrew.ad.cmu.edu\users\users24\lleng\Desktop\HW1\222_files\dp0\SYS\MECH\

 SET PARAMETER DIMENSIONS ON  _WB_USERFILES_DIR
  TYPE=STRI  DIMENSIONS=      248        1        1

 PARAMETER _WB_USERFILES_DIR(1) = \\andrew.ad.cmu.edu\users\users24\lleng\Desktop\HW1\222_files\user_files\
 --- Data in consistent MKS units. See Solving Units in the help system for more

 MKS UNITS SPECIFIED FOR INTERNAL    
  LENGTH        (l)  = METER (M)
  MASS          (M)  = KILOGRAM (KG)
  TIME          (t)  = SECOND (SEC)
  TEMPERATURE   (T)  = CELSIUS (C)
  TOFFSET            = 273.0
  CHARGE        (Q)  = COULOMB
  FORCE         (f)  = NEWTON (N) (KG-M/SEC2)
  HEAT               = JOULE (N-M)

  PRESSURE           = PASCAL (NEWTON/M**2)
  ENERGY        (W)  = JOULE (N-M)
  POWER         (P)  = WATT (N-M/SEC)
  CURRENT       (i)  = AMPERE (COULOMBS/SEC)
  CAPACITANCE   (C)  = FARAD
  INDUCTANCE    (L)  = HENRY
  MAGNETIC FLUX      = WEBER
  RESISTANCE    (R)  = OHM
  ELECTRIC POTENTIAL = VOLT

 INPUT  UNITS ARE ALSO SET TO MKS 

 *** MAPDL - ENGINEERING ANALYSIS SYSTEM  RELEASE 2023 R2          23.2     ***
 Ansys Mechanical Enterprise Academic Research     
 00215913  VERSION=WINDOWS x64   17:18:13  FEB 07, 2024 CP=      0.125

 222--Steady-State Thermal (A5)                                                



          ***** MAPDL ANALYSIS DEFINITION (PREP7) *****
 *********** Nodes for the whole assembly ***********
 *********** Elements for Body 1 "SYS\Solid" ***********
 *********** Elements for Body 2 "SYS\Solid" ***********
 *********** Send User Defined Coordinate System(s) ***********
 *********** Send Materials ***********
 *********** Create Contact "Contact Region" ***********
             Real Constant Set For Above Contact Is 4 & 3
 *********** Create "Convection" ***********
 *********** Create "Convection 2" ***********
 ***************** Define Uniform Initial temperature ***************


 ***** ROUTINE COMPLETED *****  CP =         0.906


 --- Number of total nodes = 10233
 --- Number of contact elements = 4140
 --- Number of spring elements = 0
 --- Number of bearing elements = 0
 --- Number of solid elements = 1570
 --- Number of condensed parts = 0
 --- Number of total elements = 5710

 *GET  _WALLBSOL  FROM  ACTI  ITEM=TIME WALL  VALUE=  17.3036111    
 ****************************************************************************
 *************************    SOLUTION       ********************************
 ****************************************************************************

 *****  MAPDL SOLUTION ROUTINE  *****


 PERFORM A STATIC ANALYSIS
  THIS WILL BE A NEW ANALYSIS

 CONTACT INFORMATION PRINTOUT LEVEL       1

 CHECK INITIAL OPEN/CLOSED STATUS OF SELECTED CONTACT ELEMENTS
      AND LIST DETAILED CONTACT PAIR INFORMATION

 SPLIT CONTACT SURFACES AT SOLVE PHASE

    NUMBER OF SPLITTING TBD BY PROGRAM

 DO NOT SAVE ANY RESTART FILES AT ALL

 DO NOT COMBINE ELEMENT MATRIX FILES (.emat) AFTER DISTRIBUTED PARALLEL SOLUTION

 DO NOT COMBINE ELEMENT SAVE DATA FILES (.esav) AFTER DISTRIBUTED PARALLEL SOLUTION
 ****************************************************
 ******************* SOLVE FOR LS 1 OF 1 ****************

 SELECT       FOR ITEM=TYPE COMPONENT=    
  IN RANGE         5 TO          5 STEP          1

        768  ELEMENTS (OF       5710  DEFINED) SELECTED BY  ESEL  COMMAND.

 SELECT      ALL NODES HAVING ANY ELEMENT IN ELEMENT SET.

       2368 NODES (OF      10233  DEFINED) SELECTED FROM
      768 SELECTED ELEMENTS BY NSLE COMMAND.

 GENERATE SURFACE LOAD CONV ON SURFACE DEFINED BY ALL SELECTED NODES
 VALUES=  3.80000000    _LOADVARI51

 NUMBER OF CONV ELEMENT FACE LOADS STORED =        768

 SELECT       FOR ITEM=TYPE COMPONENT=    
  IN RANGE         6 TO          6 STEP          1

        572  ELEMENTS (OF       5710  DEFINED) SELECTED BY  ESEL  COMMAND.

 SELECT      ALL NODES HAVING ANY ELEMENT IN ELEMENT SET.

       1760 NODES (OF      10233  DEFINED) SELECTED FROM
      572 SELECTED ELEMENTS BY NSLE COMMAND.

 GENERATE SURFACE LOAD CONV ON SURFACE DEFINED BY ALL SELECTED NODES
 VALUES=  20.0000000    _LOADVARI53

 NUMBER OF CONV ELEMENT FACE LOADS STORED =        572

 ALL SELECT   FOR ITEM=NODE COMPONENT=    
  IN RANGE         1 TO      10233 STEP          1

      10233  NODES (OF      10233  DEFINED) SELECTED BY NSEL  COMMAND.

 ALL SELECT   FOR ITEM=ELEM COMPONENT=    
  IN RANGE         1 TO       8576 STEP          1

       5710  ELEMENTS (OF       5710  DEFINED) SELECTED BY  ESEL  COMMAND.

 PRINTOUT RESUMED BY /GOP

 USE AUTOMATIC TIME STEPPING THIS LOAD STEP

 USE       1 SUBSTEPS INITIALLY THIS LOAD STEP FOR ALL  DEGREES OF FREEDOM
 FOR AUTOMATIC TIME STEPPING:
   USE     10 SUBSTEPS AS A MAXIMUM
   USE      1 SUBSTEPS AS A MINIMUM

 TIME=  1.0000    

 ERASE THE CURRENT DATABASE OUTPUT CONTROL TABLE.


 WRITE ALL  ITEMS TO THE DATABASE WITH A FREQUENCY OF NONE
   FOR ALL APPLICABLE ENTITIES

 WRITE NSOL ITEMS TO THE DATABASE WITH A FREQUENCY OF ALL 
   FOR ALL APPLICABLE ENTITIES

 WRITE RSOL ITEMS TO THE DATABASE WITH A FREQUENCY OF ALL 
   FOR ALL APPLICABLE ENTITIES

 WRITE EANG ITEMS TO THE DATABASE WITH A FREQUENCY OF ALL 
   FOR ALL APPLICABLE ENTITIES

 WRITE VENG ITEMS TO THE DATABASE WITH A FREQUENCY OF ALL 
   FOR ALL APPLICABLE ENTITIES

 WRITE FFLU ITEMS TO THE DATABASE WITH A FREQUENCY OF ALL 
   FOR ALL APPLICABLE ENTITIES

 WRITE CONT ITEMS TO THE DATABASE WITH A FREQUENCY OF ALL 
   FOR ALL APPLICABLE ENTITIES

 PRINTOUT RESUMED BY /GOP

 WRITE MISC ITEMS TO THE DATABASE WITH A FREQUENCY OF ALL 
   FOR THE ENTITIES DEFINED BY COMPONENT _ELMISC 

 CONVERGENCE ON HEAT BASED ON THE NORM OF THE N-R LOAD
   WITH A TOLERANCE OF 0.1000E-02 AND A MINIMUM REFERENCE VALUE OF 0.1000E-05
   USING THE L2 NORM (CHECK THE SRSS VALUE)

 *GET  ANSINTER_  FROM  ACTI  ITEM=INT        VALUE=  0.00000000    

 *IF  ANSINTER_                         ( =   0.00000     )  NE  
      0                                 ( =   0.00000     )  THEN    

 *ENDIF

 *** NOTE ***                            CP =       2.562   TIME= 17:18:14
 The automatic domain decomposition logic has selected the MESH domain   
 decomposition method with 4 processes per solution.                     

 *****  MAPDL SOLVE    COMMAND  *****

 *** WARNING ***                         CP =       2.609   TIME= 17:18:14
 Element shape checking is currently inactive.  Issue SHPP,ON or         
 SHPP,WARN to reactivate, if desired.                                    

 *** NOTE ***                            CP =       2.719   TIME= 17:18:14
 The model data was checked and warning messages were found.             
  Please review output or errors file (                                  
 \\andrew.ad.cmu.edu\users\users24\lleng\Desktop\HW1\_ProjectScratch\Scr 
 r2336\file0.err ) for these warning messages.                           

 *** MAPDL - ENGINEERING ANALYSIS SYSTEM  RELEASE 2023 R2          23.2     ***
 Ansys Mechanical Enterprise Academic Research     
 00215913  VERSION=WINDOWS x64   17:18:14  FEB 07, 2024 CP=      2.766

 222--Steady-State Thermal (A5)                                                



                       S O L U T I O N   O P T I O N S

   PROBLEM DIMENSIONALITY. . . . . . . . . . . . .3-D                  
   DEGREES OF FREEDOM. . . . . . TEMP
   ANALYSIS TYPE . . . . . . . . . . . . . . . . .STATIC (STEADY-STATE)
   OFFSET TEMPERATURE FROM ABSOLUTE ZERO . . . . .  273.15    
   GLOBALLY ASSEMBLED MATRIX . . . . . . . . . . .SYMMETRIC  

 *** WARNING ***                         CP =       2.859   TIME= 17:18:14
 Material number 5 (used by element 7237) should normally have at least  
 one MP or one TB type command associated with it.  Output of energy by  
 material may not be available.                                          

 *** NOTE ***                            CP =       2.906   TIME= 17:18:14
 The step data was checked and warning messages were found.              
  Please review output or errors file (                                  
 \\andrew.ad.cmu.edu\users\users24\lleng\Desktop\HW1\_ProjectScratch\Scr 
 r2336\file0.err ) for these warning messages.                           

 *** NOTE ***                            CP =       2.953   TIME= 17:18:14
 The conditions for direct assembly have been met.  No .emat or .erot    
 files will be produced.                                                 

 CHECK INITIAL OPEN/CLOSED STATUS OF SELECTED CONTACT ELEMENTS
      AND LIST DETAILED CONTACT PAIR INFORMATION

     728 CONTACT ELEMENTS &     672 TARGET ELEMENTS ARE UNSELECTED FOR PREPARATION OF          SPLITTING.
       1 CONTACT PAIRS ARE UNSELECTED. 
 
 SPLITTING CONTACT SURFACES WITH A CONNECTED REGION
 

 CONTACT PAIR ASSOCIATED WITH REAL CONSTANT 4 SPLIT INTO 2 NEW PAIRS 
 ASSOCIATED WITH REAL CONSTANTS 7 - 7

 NEW TARGET ELEMENTS FROM 8577 TO 9304 WERE CREATED TO HANDLE
 THE SPLIT CONTACT PAIRS

 BECAUSE SPLIT WAS DONE FOR CONNECTED REGION(S), UNSELECTED ELEMENTS ARE DELETED. 

 TRIM CONTACT/TARGET SURFACE
 START TRIMMING FAR-FIELD ELEMENTS FOR CONTACT PAIRS WITH DMP RUN.       
 START TRIMMING FAR-FIELD ELEMENTS.                                      

       0 CONTACT ELEMENTS &     672 TARGET ELEMENTS ARE DELETED DUE TO SPLITTING LOGIC.

 *** NOTE ***                            CP =       4.172   TIME= 17:18:14
 Deformable-deformable contact pair identified by real constant set 4    
 and contact element type 3 has been set up.                             
 The current pair was split from a base pair (real ID 4).                
 Pure thermal contact is activated.
 The emissivity is defined through the material property.
 Thermal convection coefficient, environment temperature, and
  heat flux are defined using the SFE command.
 Target temperature is used for convection/radiation calculation
  for near field contact.
 Linear contact is defined
 Contact detection at: Gauss integration point
 Average contact surface length               0.12137E-01
 Average contact pair depth                   0.48365E-02
 Average target surface length                0.10954E-01
 Default pinball region factor PINB           0.25000    
 The resulting pinball region                 0.12091E-02
 Initial penetration/gap is excluded.
 Bonded contact (always) is defined.
 Thermal contact conductance coef. TCC        0.14785E+07
 Heat radiation is excluded.

 *** NOTE ***                            CP =       4.312   TIME= 17:18:14
 Max.  Initial penetration 8.769969928E-06 was detected between contact  
 element 6452 and target element 5044.                                   
 You may move entire target surface by : x= 8.758203699E-06, y=          
 4.163763265E-07, z= 1.813043091E-07,to reduce initial penetration.      
 ****************************************
  

 *** NOTE ***                            CP =       4.359   TIME= 17:18:14
 Deformable-deformable contact pair identified by real constant set 7    
 and contact element type 3 has been set up.                             
 The current pair was split from a base pair (real ID 4).                
 Pure thermal contact is activated.
 The emissivity is defined through the material property.
 Thermal convection coefficient, environment temperature, and
  heat flux are defined using the SFE command.
 Target temperature is used for convection/radiation calculation
  for near field contact.
 Linear contact is defined
 Contact detection at: Gauss integration point
 Average contact surface length               0.12137E-01
 Average contact pair depth                   0.48365E-02
 Average target surface length                0.10924E-01
 Default pinball region factor PINB           0.25000    
 The resulting pinball region                 0.12091E-02
 Initial penetration/gap is excluded.
 Bonded contact (always) is defined.
 Thermal contact conductance coef. TCC        0.14785E+07
 Heat radiation is excluded.

 *** NOTE ***                            CP =       4.500   TIME= 17:18:14
 Max.  Initial penetration 8.769969928E-06 was detected between contact  
 element 6452 and target element 5044.                                   
 You may move entire target surface by : x= 7.181062785E-06, y=          
 -4.163763339E-07, z= 5.017104799E-06,to reduce initial penetration.     
 ****************************************
  
  
  

  
  
     D I S T R I B U T E D   D O M A I N   D E C O M P O S E R
  
  ...Number of elements: 4366
  ...Number of nodes:    10233
  ...Decompose to 4 CPU domains
  ...Element load balance ratio =     1.663


                      L O A D   S T E P   O P T I O N S

   LOAD STEP NUMBER. . . . . . . . . . . . . . . .     1
   TIME AT END OF THE LOAD STEP. . . . . . . . . .  1.0000    
   AUTOMATIC TIME STEPPING . . . . . . . . . . . .    ON
      INITIAL NUMBER OF SUBSTEPS . . . . . . . . .     1
      MAXIMUM NUMBER OF SUBSTEPS . . . . . . . . .    10
      MINIMUM NUMBER OF SUBSTEPS . . . . . . . . .     1
   STEP CHANGE BOUNDARY CONDITIONS . . . . . . . .    NO
   PRINT OUTPUT CONTROLS . . . . . . . . . . . . .NO PRINTOUT
   DATABASE OUTPUT CONTROLS
      ITEM     FREQUENCY   COMPONENT
       ALL       NONE               
      NSOL        ALL               
      RSOL        ALL               
      EANG        ALL               
      VENG        ALL               
      FFLU        ALL               
      CONT        ALL               
      MISC        ALL       _ELMISC 


 SOLUTION MONITORING INFO IS WRITTEN TO FILE= file.mntr                                                                                                                                                                                                                                                           




            **** CENTER OF MASS, MASS, AND MASS MOMENTS OF INERTIA ****

  CALCULATIONS ASSUME ELEMENT MASS AT ELEMENT CENTROID

  TOTAL MASS =   5.4918    

                           MOM. OF INERTIA         MOM. OF INERTIA
  CENTER OF MASS            ABOUT ORIGIN        ABOUT CENTER OF MASS

  XC =  0.14315E-04      IXX =   0.3793E-01      IXX =   0.3793E-01
  YC =  0.76717E-05      IYY =   0.4524E-01      IYY =   0.4524E-01
  ZC =  0.40489E-05      IZZ =   0.1616E-01      IZZ =   0.1616E-01
                         IXY =  -0.2780E-05      IXY =  -0.2779E-05
                         IYZ =   0.1671E-05      IYZ =   0.1671E-05
                         IZX =   0.1430E-01      IZX =   0.1430E-01


  *** MASS SUMMARY BY ELEMENT TYPE ***

  TYPE      MASS
     1   5.49183    

 Range of element maximum matrix coefficients in global coordinates
 Maximum = 74.9294711 at element 6354.                                   
 Minimum = 5.628263765E-05 at element 7983.                              

   *** ELEMENT MATRIX FORMULATION TIMES
     TYPE    NUMBER   ENAME      TOTAL CP  AVE CP

        1       754  SOLID279      0.016   0.000021
        2       816  SOLID279      0.016   0.000019
        3       672  CONTA174      0.062   0.000093
        4       784  TARGE170      0.000   0.000000
        5       768  SURF152       0.000   0.000000
        6       572  SURF152       0.000   0.000000
 Time at end of element matrix formulation CP = 5.359375.                

 DISTRIBUTED SPARSE MATRIX DIRECT SOLVER.
  Number of equations =       10233,    Maximum wavefront =     76

  Process memory allocated for solver              =    11.249 MB
  Process memory required for in-core solution     =    10.844 MB
  Process memory required for out-of-core solution =     6.468 MB

  Total memory allocated for solver                =    38.091 MB
  Total memory required for in-core solution       =    36.554 MB
  Total memory required for out-of-core solution   =    19.922 MB

 *** NOTE ***                            CP =       5.422   TIME= 17:18:15
 The Distributed Sparse Matrix Solver is currently running in the        
 in-core memory mode.  This memory mode uses the most amount of memory   
 in order to avoid using the hard drive as much as possible, which most  
 often results in the fastest solution time.  This mode is recommended   
 if enough physical memory is present to accommodate all of the solver   
 data.                                                                   
 Distributed sparse solver maximum pivot= 120.526791 at node 4221 TEMP.  
 Distributed sparse solver minimum pivot= 8.186045806E-04 at node 5251   
 TEMP.                                                                   
 Distributed sparse solver minimum pivot in absolute value=              
 8.186045806E-04 at node 5251 TEMP.                                      

   *** ELEMENT RESULT CALCULATION TIMES
     TYPE    NUMBER   ENAME      TOTAL CP  AVE CP

        1       754  SOLID279      0.016   0.000021
        2       816  SOLID279      0.016   0.000019
        3       672  CONTA174      0.000   0.000000
        5       768  SURF152       0.000   0.000000
        6       572  SURF152       0.000   0.000000

   *** NODAL LOAD CALCULATION TIMES
     TYPE    NUMBER   ENAME      TOTAL CP  AVE CP

        1       754  SOLID279      0.000   0.000000
        2       816  SOLID279      0.000   0.000000
        3       672  CONTA174      0.016   0.000023
        5       768  SURF152       0.000   0.000000
        6       572  SURF152       0.000   0.000000
 *** LOAD STEP     1   SUBSTEP     1  COMPLETED.    CUM ITER =      1
 *** TIME =   1.00000         TIME INC =   1.00000      NEW TRIANG MATRIX


 *** MAPDL BINARY FILE STATISTICS
  BUFFER SIZE USED= 16384
        0.375 MB WRITTEN ON ELEMENT SAVED DATA FILE: file0.esav
        2.812 MB WRITTEN ON ASSEMBLED MATRIX FILE: file0.full
        1.188 MB WRITTEN ON RESULTS FILE: file0.rth
 *************** Write FE CONNECTORS *********

 WRITE OUT CONSTRAINT EQUATIONS TO FILE= file.ce                                                                                                                                                                                                                                                             
 ****************************************************
 *************** FINISHED SOLVE FOR LS 1 *************

 *GET  _WALLASOL  FROM  ACTI  ITEM=TIME WALL  VALUE=  17.3047222    

 FINISH SOLUTION PROCESSING


 ***** ROUTINE COMPLETED *****  CP =         6.438



 *** MAPDL - ENGINEERING ANALYSIS SYSTEM  RELEASE 2023 R2          23.2     ***
 Ansys Mechanical Enterprise Academic Research     
 00215913  VERSION=WINDOWS x64   17:18:19  FEB 07, 2024 CP=      6.453

 222--Steady-State Thermal (A5)                                                



          ***** MAPDL RESULTS INTERPRETATION (POST1) *****

 *** NOTE ***                            CP =       6.547   TIME= 17:18:19
 Reading results into the database (SET command) will update the current 
 displacement and force boundary conditions in the database with the     
 values from the results file for that load set.  Note that any          
 subsequent solutions will use these values unless action is taken to    
 either SAVE the current values or not overwrite them (/EXIT,NOSAVE).    

 Set Encoding of XML File to:ISO-8859-1

 Set Output of XML File to:
     PARM,     ,     ,     ,     ,     ,     ,     ,     ,     ,     ,     ,
         ,     ,     ,     ,     ,     ,     ,

 DATABASE WRITTEN ON FILE  parm.xml                                                                                                                                                                                                                                                            

 EXIT THE MAPDL POST1 DATABASE PROCESSOR


 ***** ROUTINE COMPLETED *****  CP =         6.688



 PRINTOUT RESUMED BY /GOP

 *GET  _WALLDONE  FROM  ACTI  ITEM=TIME WALL  VALUE=  17.3052778    

 PARAMETER _PREPTIME =     0.000000000    

 PARAMETER _SOLVTIME =     4.000000000    

 PARAMETER _POSTTIME =     2.000000000    

 PARAMETER _TOTALTIM =     6.000000000    

 *GET  _DLBRATIO  FROM  ACTI  ITEM=SOLU DLBR  VALUE=  1.66338798    

 *GET  _COMBTIME  FROM  ACTI  ITEM=SOLU COMB  VALUE= 0.604842500    

 *GET  _SSMODE   FROM  ACTI  ITEM=SOLU SSMM  VALUE=  2.00000000    

 *GET  _NDOFS    FROM  ACTI  ITEM=SOLU NDOF  VALUE=  10233.0000    

 /FCLEAN COMMAND REMOVING ALL LOCAL FILES
 --- Total number of nodes = 10233
 --- Total number of elements = 5710
 --- Element load balance ratio = 1.66338798
 --- Time to combine distributed files = 0.6048425
 --- Sparse memory mode = 2
 --- Number of DOF = 10233

 EXIT MAPDL WITHOUT SAVING DATABASE


 NUMBER OF WARNING MESSAGES ENCOUNTERED=          2
 NUMBER OF ERROR   MESSAGES ENCOUNTERED=          0

+--------------------- M A P D L   S T A T I S T I C S ------------------------+

Release: 2023 R2            Build: 23.2       Update: UP20230531   Platform: WINDOWS x64 
Date Run: 02/07/2024   Time: 17:18     Process ID: 12088
Operating System: Windows 10  (Build: 19045)

Processor Model: 13th Gen Intel(R) Core(TM) i7-13700K

Compiler: Intel(R) Fortran Compiler Version 19.0.5  (Build: 20190815)
          Intel(R) C/C++ Compiler Version 19.0.5  (Build: 20190815)
          Intel(R) Math Kernel Library Version 2020.0.0 Product Build 20191125
          BLAS Library supplied by Intel(R) MKL

Number of machines requested            :    1
Total number of cores available         :   24
Number of physical cores available      :   16
Number of processes requested           :    4
Number of threads per process requested :    1
Total number of cores requested         :    4 (Distributed Memory Parallel)               
MPI Type: INTELMPI
MPI Version: Intel(R) MPI Library 2021.8 for Windows* OS


GPU Acceleration: Not Requested

Job Name: file0
Input File: dummy.dat

  Core                Machine Name   Working Directory
 -----------------------------------------------------
     0                ANSYS-B10-26   \\andrew.ad.cmu.edu\users\users24\lleng\Desktop\HW1\_ProjectScratch\Scr2336
     1                ANSYS-B10-26   \\andrew.ad.cmu.edu\users\users24\lleng\Desktop\HW1\_ProjectScratch\Scr2336
     2                ANSYS-B10-26   \\andrew.ad.cmu.edu\users\users24\lleng\Desktop\HW1\_ProjectScratch\Scr2336
     3                ANSYS-B10-26   \\andrew.ad.cmu.edu\users\users24\lleng\Desktop\HW1\_ProjectScratch\Scr2336
 
Latency time from master to core     1 =    1.741 microseconds
Latency time from master to core     2 =    2.958 microseconds
Latency time from master to core     3 =    3.063 microseconds
 
Communication speed from master to core     1 = 14960.26 MB/sec
Communication speed from master to core     2 = 11373.49 MB/sec
Communication speed from master to core     3 = 11304.07 MB/sec

Total CPU time for main thread                    :        1.5 seconds
Total CPU time summed for all threads             :        7.2 seconds

Elapsed time spent obtaining a license            :        0.4 seconds
Elapsed time spent pre-processing model (/PREP7)  :        0.2 seconds
Elapsed time spent solution - preprocessing       :        0.6 seconds
Elapsed time spent computing solution             :        2.1 seconds
Elapsed time spent solution - postprocessing      :        0.6 seconds
Elapsed time spent post-processing model (/POST1) :        0.1 seconds
 
Equation solver used                              :            Sparse (symmetric)
Equation solver computational rate                :        4.4 Gflops

Sum of disk space used on all processes            :       17.5 MB

Sum of memory used on all processes               :      560.0 MB
Sum of memory allocated on all processes          :     2832.0 MB
Physical memory available                         :         64 GB
Total amount of I/O written to disk               :        0.0 GB
Total amount of I/O read from disk                :        0.0 GB

+------------------ E N D   M A P D L   S T A T I S T I C S -------------------+


 *-----------------------------------------------------------------------------*
 |                                                                             |
 |                               RUN COMPLETED                                 |
 |                                                                             |
 |-----------------------------------------------------------------------------|
 |                                                                             |
 |  Ansys MAPDL 2023 R2         Build 23.2         UP20230531    WINDOWS x64   |
 |                                                                             |
 |-----------------------------------------------------------------------------|
 |                                                                             |
 |  Database Requested(-db)     1024 MB     Scratch Memory Requested   1024 MB |
 |  Max Database Used(Master)     11 MB     Max Scratch Used(Master)    141 MB |
 |  Max Database Used(Workers)     1 MB     Max Scratch Used(Workers)   137 MB |
 |  Sum Database Used(All)        14 MB     Sum Scratch Used(All)       546 MB |
 |                                                                             |
 |-----------------------------------------------------------------------------|
 |                                                                             |
 |        CP Time      (sec) =          7.172       Time  =  17:18:20          |
 |        Elapsed Time (sec) =          9.000       Date  =  02/07/2024        |
 |                                                                             |
 *-----------------------------------------------------------------------------*
